<?xml version="1.0" encoding="UTF-8"?>
<!-- Generated by org.testng.reporters.JUnitXMLReporter -->
<testsuite hostname="DESKTOP-1QL8QRP" name="Test" tests="3" failures="0" timestamp="31 Aug 2017 12:07:57 GMT" time="67.404" errors="0">
  <testcase name="CreateNewPostscriptExecution" time="18.175" classname="Com.CrossoverTech.BusinessScripts.CrossoverTechCreateNewPostTestcases"/>
  <testcase name="EditPostscriptExecution" time="21.559" classname="Com.CrossoverTech.BusinessScripts.CrossoverTechEditPostTestcases"/>
  <testcase name="DeletePostscriptExecution" time="14.79" classname="Com.CrossoverTech.BusinessScripts.CrossoverTechDeleteTestcases"/>
</testsuite> <!-- Test -->
