<?xml version="1.0" encoding="UTF-8"?>
<!-- Generated by org.testng.reporters.JUnitXMLReporter -->
<testsuite hostname="DESKTOP-1QL8QRP" name="Test" tests="3" failures="0" timestamp="1 Sep 2017 10:57:06 GMT" time="67.596" errors="0">
  <testcase name="CreateNewPostscriptExecution" time="18.067" classname="Com.CrossoverTech.BusinessScripts.CrossoverTechCreateNewPostTestcases"/>
  <testcase name="EditPostscriptExecution" time="21.544" classname="Com.CrossoverTech.BusinessScripts.CrossoverTechEditPostTestcases"/>
  <testcase name="DeletePostscriptExecution" time="14.844" classname="Com.CrossoverTech.BusinessScripts.CrossoverTechDeleteTestcases"/>
</testsuite> <!-- Test -->
