<?xml version="1.0" encoding="UTF-8"?>
<!-- Generated by org.testng.reporters.JUnitXMLReporter -->
<testsuite hostname="DESKTOP-1QL8QRP" name="Test" tests="3" failures="0" timestamp="30 Aug 2017 05:34:30 GMT" time="9.182" errors="0">
  <testcase name="@BeforeTest setup" time="0.0" classname="com.CrossoverTechTrial.Businessscripts.CrossoverTechEditPostTestcases">
    <failure type="java.lang.NullPointerException">
      <![CDATA[java.lang.NullPointerException
	at com.CrossoverTechTrial.PageObjects.CrossoverTechTrialLoginPage.EnterEmailid(CrossoverTechTrialLoginPage.java:20)
	at com.CrossoverTechTrial.Reusables.Configurations.Configurator.setup(Configurator.java:72)
... Removed 25 stack frames]]>
    </failure>
  </testcase> <!-- @BeforeTest setup -->
  <testcase name="CreateNewPostscriptExecution" time="0.001" classname="com.CrossoverTechTrial.Businessscripts.CrossoverTechCreateNewPostTestcases">
    <skipped/>
  </testcase> <!-- CreateNewPostscriptExecution -->
  <testcase name="EditPostscriptExecution" time="0.0" classname="com.CrossoverTechTrial.Businessscripts.CrossoverTechEditPostTestcases">
    <skipped/>
  </testcase> <!-- EditPostscriptExecution -->
  <testcase name="DeletePostscriptExecution" time="0.001" classname="com.CrossoverTechTrial.Businessscripts.CrossoverTechDeleteTestcases">
    <skipped/>
  </testcase> <!-- DeletePostscriptExecution -->
</testsuite> <!-- Test -->
