<?xml version="1.0" encoding="UTF-8"?>
<testng-results skipped="0" failed="0" total="3" passed="3">
  <reporter-output>
    <line>
      <![CDATA[Url Entered]]>
    </line>
    <line>
      <![CDATA[Email entered]]>
    </line>
    <line>
      <![CDATA[Password entered]]>
    </line>
    <line>
      <![CDATA[Clicked on SignIn Button]]>
    </line>
    <line>
      <![CDATA[Clicked on Post]]>
    </line>
    <line>
      <![CDATA[Enter post title]]>
    </line>
    <line>
      <![CDATA[Post Description given]]>
    </line>
    <line>
      <![CDATA[ Image Added to post]]>
    </line>
    <line>
      <![CDATA[Settings Menu Dropdown clicked]]>
    </line>
    <line>
      <![CDATA[Click on Publish]]>
    </line>
    <line>
      <![CDATA[Click on Publish Now]]>
    </line>
    <line>
      <![CDATA[Click on Content Tab]]>
    </line>
    <line>
      <![CDATA[Clicked on Content Tab]]>
    </line>
    <line>
      <![CDATA[Click on Edit Post]]>
    </line>
    <line>
      <![CDATA[Post Title is Edited]]>
    </line>
    <line>
      <![CDATA[Click on Content to Edit Post]]>
    </line>
    <line>
      <![CDATA[Click on image to Edit Post]]>
    </line>
    <line>
      <![CDATA[Click on Settings Menu Dropdown]]>
    </line>
    <line>
      <![CDATA[Click on Publish Now in Settings Menu Dropdown]]>
    </line>
    <line>
      <![CDATA[Click on Content Tab]]>
    </line>
    <line>
      <![CDATA[Clicked on ContentTab]]>
    </line>
    <line>
      <![CDATA[Clicked on Content Tabel]]>
    </line>
    <line>
      <![CDATA[Edit post]]>
    </line>
    <line>
      <![CDATA[Click on Settings Menu Dropdown]]>
    </line>
    <line>
      <![CDATA[Click on DeletePost in Settings Menu Dropdown]]>
    </line>
    <line>
      <![CDATA[Click on Delete in DeletePostPopup]]>
    </line>
  </reporter-output>
  <suite name="Suite" duration-ms="70760" started-at="2017-09-01T09:50:34Z" finished-at="2017-09-01T09:51:45Z">
    <groups>
    </groups>
    <test name="Test" duration-ms="70760" started-at="2017-09-01T09:50:34Z" finished-at="2017-09-01T09:51:45Z">
      <class name="Com.CrossoverTech.BusinessScripts.CrossoverTechCreateNewPostTestcases">
        <test-method status="PASS" signature="CreateNewPostscriptExecution()[pri:0, instance:Com.CrossoverTech.BusinessScripts.CrossoverTechCreateNewPostTestcases@5b464ce8]" name="CreateNewPostscriptExecution" duration-ms="18133" started-at="2017-09-01T15:20:50Z" finished-at="2017-09-01T15:21:08Z">
          <reporter-output>
            <line>
              <![CDATA[Clicked on Post]]>
            </line>
            <line>
              <![CDATA[Enter post title]]>
            </line>
            <line>
              <![CDATA[Post Description given]]>
            </line>
            <line>
              <![CDATA[ Image Added to post]]>
            </line>
            <line>
              <![CDATA[Settings Menu Dropdown clicked]]>
            </line>
            <line>
              <![CDATA[Click on Publish]]>
            </line>
            <line>
              <![CDATA[Click on Publish Now]]>
            </line>
            <line>
              <![CDATA[Click on Content Tab]]>
            </line>
          </reporter-output>
        </test-method> <!-- CreateNewPostscriptExecution -->
      </class> <!-- Com.CrossoverTech.BusinessScripts.CrossoverTechCreateNewPostTestcases -->
      <class name="Com.CrossoverTech.BusinessScripts.CrossoverTechEditPostTestcases">
        <test-method status="PASS" signature="setup(java.lang.String)[pri:0, instance:Com.CrossoverTech.BusinessScripts.CrossoverTechEditPostTestcases@48140564]" name="setup" is-config="true" duration-ms="16325" started-at="2017-09-01T15:20:34Z" finished-at="2017-09-01T15:20:50Z">
          <params>
            <param index="0">
              <value>
                <![CDATA[chrome]]>
              </value>
            </param>
          </params>
          <reporter-output>
            <line>
              <![CDATA[Url Entered]]>
            </line>
            <line>
              <![CDATA[Email entered]]>
            </line>
            <line>
              <![CDATA[Password entered]]>
            </line>
            <line>
              <![CDATA[Clicked on SignIn Button]]>
            </line>
          </reporter-output>
        </test-method> <!-- setup -->
        <test-method status="PASS" signature="EditPostscriptExecution()[pri:0, instance:Com.CrossoverTech.BusinessScripts.CrossoverTechEditPostTestcases@48140564]" name="EditPostscriptExecution" duration-ms="21492" started-at="2017-09-01T15:21:08Z" finished-at="2017-09-01T15:21:30Z">
          <reporter-output>
            <line>
              <![CDATA[Clicked on Content Tab]]>
            </line>
            <line>
              <![CDATA[Click on Edit Post]]>
            </line>
            <line>
              <![CDATA[Post Title is Edited]]>
            </line>
            <line>
              <![CDATA[Click on Content to Edit Post]]>
            </line>
            <line>
              <![CDATA[Click on image to Edit Post]]>
            </line>
            <line>
              <![CDATA[Click on Settings Menu Dropdown]]>
            </line>
            <line>
              <![CDATA[Click on Publish Now in Settings Menu Dropdown]]>
            </line>
            <line>
              <![CDATA[Click on Content Tab]]>
            </line>
          </reporter-output>
        </test-method> <!-- EditPostscriptExecution -->
      </class> <!-- Com.CrossoverTech.BusinessScripts.CrossoverTechEditPostTestcases -->
      <class name="Com.CrossoverTech.BusinessScripts.CrossoverTechDeleteTestcases">
        <test-method status="PASS" signature="DeletePostscriptExecution()[pri:0, instance:Com.CrossoverTech.BusinessScripts.CrossoverTechDeleteTestcases@30c7da1e]" name="DeletePostscriptExecution" duration-ms="14796" started-at="2017-09-01T15:21:30Z" finished-at="2017-09-01T15:21:45Z">
          <reporter-output>
            <line>
              <![CDATA[Clicked on ContentTab]]>
            </line>
            <line>
              <![CDATA[Clicked on Content Tabel]]>
            </line>
            <line>
              <![CDATA[Edit post]]>
            </line>
            <line>
              <![CDATA[Click on Settings Menu Dropdown]]>
            </line>
            <line>
              <![CDATA[Click on DeletePost in Settings Menu Dropdown]]>
            </line>
            <line>
              <![CDATA[Click on Delete in DeletePostPopup]]>
            </line>
          </reporter-output>
        </test-method> <!-- DeletePostscriptExecution -->
      </class> <!-- Com.CrossoverTech.BusinessScripts.CrossoverTechDeleteTestcases -->
    </test> <!-- Test -->
  </suite> <!-- Suite -->
</testng-results>
