<?xml version="1.0" encoding="UTF-8"?>
<testng-results skipped="3" failed="0" total="3" passed="0">
  <reporter-output>
    <line>
      <![CDATA[Url Entered]]>
    </line>
  </reporter-output>
  <suite name="Suite" duration-ms="23990" started-at="2017-09-01T06:26:38Z" finished-at="2017-09-01T06:27:01Z">
    <groups>
    </groups>
    <test name="Test" duration-ms="23990" started-at="2017-09-01T06:26:38Z" finished-at="2017-09-01T06:27:01Z">
      <class name="Com.CrossoverTech.BusinessScripts.CrossoverTechCreateNewPostTestcases">
        <test-method status="SKIP" signature="CreateNewPostscriptExecution()[pri:0, instance:Com.CrossoverTech.BusinessScripts.CrossoverTechCreateNewPostTestcases@5b464ce8]" name="CreateNewPostscriptExecution" duration-ms="0" started-at="2017-09-01T11:57:01Z" finished-at="2017-09-01T11:57:01Z">
          <reporter-output>
          </reporter-output>
        </test-method> <!-- CreateNewPostscriptExecution -->
      </class> <!-- Com.CrossoverTech.BusinessScripts.CrossoverTechCreateNewPostTestcases -->
      <class name="Com.CrossoverTech.BusinessScripts.CrossoverTechEditPostTestcases">
        <test-method status="FAIL" signature="setup(java.lang.String)[pri:0, instance:Com.CrossoverTech.BusinessScripts.CrossoverTechEditPostTestcases@48140564]" name="setup" is-config="true" duration-ms="0" started-at="2017-09-01T11:56:38Z" finished-at="2017-09-01T11:56:38Z">
          <params>
            <param index="0">
              <value>
                <![CDATA[chrome]]>
              </value>
            </param>
          </params>
          <exception class="org.openqa.selenium.NoSuchElementException">
            <message>
              <![CDATA[no such element: Unable to locate element: {"method":"xpath","selector":".//*[@class ='email ember-view gh-input']"}
  (Session info: chrome=60.0.3112.113)
  (Driver info: chromedriver=2.30.477700 (0057494ad8732195794a7b32078424f92a5fce41),platform=Windows NT 10.0.10586 x86_64) (WARNING: The server did not provide any stacktrace information)
Command duration or timeout: 15.02 seconds
For documentation on this error, please visit: http://seleniumhq.org/exceptions/no_such_element.html
Build info: version: '2.45.0', revision: '5017cb8e7ca8e37638dc3091b2440b90a1d8686f', time: '2015-02-27 09:10:26'
System info: host: 'DESKTOP-1QL8QRP', ip: '10.91.90.116', os.name: 'Windows 10', os.arch: 'amd64', os.version: '10.0', java.version: '1.8.0_144'
Driver info: org.openqa.selenium.chrome.ChromeDriver
Capabilities [{applicationCacheEnabled=false, rotatable=false, mobileEmulationEnabled=false, networkConnectionEnabled=false, chrome={chromedriverVersion=2.30.477700 (0057494ad8732195794a7b32078424f92a5fce41), userDataDir=C:\Users\Admin-it\AppData\Local\Temp\scoped_dir3748_11949}, takesHeapSnapshot=true, pageLoadStrategy=normal, databaseEnabled=false, handlesAlerts=true, hasTouchScreen=false, version=60.0.3112.113, platform=XP, browserConnectionEnabled=false, nativeEvents=true, acceptSslCerts=true, locationContextEnabled=true, webStorageEnabled=true, browserName=chrome, takesScreenshot=true, javascriptEnabled=true, cssSelectorsEnabled=true, unexpectedAlertBehaviour=}]
Session ID: 763f6d470aab2825fe207b89f945fb4e
*** Element info: {Using=xpath, value=.//*[@class ='email ember-view gh-input']}]]>
            </message>
            <full-stacktrace>
              <![CDATA[org.openqa.selenium.NoSuchElementException: no such element: Unable to locate element: {"method":"xpath","selector":".//*[@class ='email ember-view gh-input']"}
  (Session info: chrome=60.0.3112.113)
  (Driver info: chromedriver=2.30.477700 (0057494ad8732195794a7b32078424f92a5fce41),platform=Windows NT 10.0.10586 x86_64) (WARNING: The server did not provide any stacktrace information)
Command duration or timeout: 15.02 seconds
For documentation on this error, please visit: http://seleniumhq.org/exceptions/no_such_element.html
Build info: version: '2.45.0', revision: '5017cb8e7ca8e37638dc3091b2440b90a1d8686f', time: '2015-02-27 09:10:26'
System info: host: 'DESKTOP-1QL8QRP', ip: '10.91.90.116', os.name: 'Windows 10', os.arch: 'amd64', os.version: '10.0', java.version: '1.8.0_144'
Driver info: org.openqa.selenium.chrome.ChromeDriver
Capabilities [{applicationCacheEnabled=false, rotatable=false, mobileEmulationEnabled=false, networkConnectionEnabled=false, chrome={chromedriverVersion=2.30.477700 (0057494ad8732195794a7b32078424f92a5fce41), userDataDir=C:\Users\Admin-it\AppData\Local\Temp\scoped_dir3748_11949}, takesHeapSnapshot=true, pageLoadStrategy=normal, databaseEnabled=false, handlesAlerts=true, hasTouchScreen=false, version=60.0.3112.113, platform=XP, browserConnectionEnabled=false, nativeEvents=true, acceptSslCerts=true, locationContextEnabled=true, webStorageEnabled=true, browserName=chrome, takesScreenshot=true, javascriptEnabled=true, cssSelectorsEnabled=true, unexpectedAlertBehaviour=}]
Session ID: 763f6d470aab2825fe207b89f945fb4e
*** Element info: {Using=xpath, value=.//*[@class ='email ember-view gh-input']}
	at sun.reflect.NativeConstructorAccessorImpl.newInstance0(Native Method)
	at sun.reflect.NativeConstructorAccessorImpl.newInstance(Unknown Source)
	at sun.reflect.DelegatingConstructorAccessorImpl.newInstance(Unknown Source)
	at java.lang.reflect.Constructor.newInstance(Unknown Source)
	at org.openqa.selenium.remote.ErrorHandler.createThrowable(ErrorHandler.java:204)
	at org.openqa.selenium.remote.ErrorHandler.throwIfResponseFailed(ErrorHandler.java:156)
	at org.openqa.selenium.remote.RemoteWebDriver.execute(RemoteWebDriver.java:599)
	at org.openqa.selenium.remote.RemoteWebDriver.findElement(RemoteWebDriver.java:352)
	at org.openqa.selenium.remote.RemoteWebDriver.findElementByXPath(RemoteWebDriver.java:449)
	at org.openqa.selenium.By$ByXPath.findElement(By.java:357)
	at org.openqa.selenium.remote.RemoteWebDriver.findElement(RemoteWebDriver.java:344)
	at Com.CrossoverTechTrial.PageObjects.CrossoverTechTrialLoginPage.EnterEmailid(CrossoverTechTrialLoginPage.java:17)
	at Com.CrossoverTechTrial.Reusables.Configurations.Configurator.setup(Configurator.java:69)
	at sun.reflect.NativeMethodAccessorImpl.invoke0(Native Method)
	at sun.reflect.NativeMethodAccessorImpl.invoke(Unknown Source)
	at sun.reflect.DelegatingMethodAccessorImpl.invoke(Unknown Source)
	at java.lang.reflect.Method.invoke(Unknown Source)
	at org.testng.internal.MethodInvocationHelper.invokeMethod(MethodInvocationHelper.java:84)
	at org.testng.internal.Invoker.invokeConfigurationMethod(Invoker.java:564)
	at org.testng.internal.Invoker.invokeConfigurations(Invoker.java:213)
	at org.testng.internal.Invoker.invokeConfigurations(Invoker.java:138)
	at org.testng.TestRunner.beforeRun(TestRunner.java:641)
	at org.testng.TestRunner.run(TestRunner.java:609)
	at org.testng.SuiteRunner.runTest(SuiteRunner.java:348)
	at org.testng.SuiteRunner.runSequentially(SuiteRunner.java:343)
	at org.testng.SuiteRunner.privateRun(SuiteRunner.java:305)
	at org.testng.SuiteRunner.run(SuiteRunner.java:254)
	at org.testng.SuiteRunnerWorker.runSuite(SuiteRunnerWorker.java:52)
	at org.testng.SuiteRunnerWorker.run(SuiteRunnerWorker.java:86)
	at org.testng.TestNG.runSuitesSequentially(TestNG.java:1224)
	at org.testng.TestNG.runSuitesLocally(TestNG.java:1149)
	at org.testng.TestNG.run(TestNG.java:1057)
	at org.apache.maven.surefire.testng.TestNGExecutor.run(TestNGExecutor.java:295)
	at org.apache.maven.surefire.testng.TestNGXmlTestSuite.execute(TestNGXmlTestSuite.java:84)
	at org.apache.maven.surefire.testng.TestNGProvider.invoke(TestNGProvider.java:90)
	at org.apache.maven.surefire.booter.ForkedBooter.invokeProviderInSameClassLoader(ForkedBooter.java:203)
	at org.apache.maven.surefire.booter.ForkedBooter.runSuitesInProcess(ForkedBooter.java:155)
	at org.apache.maven.surefire.booter.ForkedBooter.main(ForkedBooter.java:103)
]]>
            </full-stacktrace>
          </exception> <!-- org.openqa.selenium.NoSuchElementException -->
          <reporter-output>
            <line>
              <![CDATA[Url Entered]]>
            </line>
          </reporter-output>
        </test-method> <!-- setup -->
        <test-method status="SKIP" signature="EditPostscriptExecution()[pri:0, instance:Com.CrossoverTech.BusinessScripts.CrossoverTechEditPostTestcases@48140564]" name="EditPostscriptExecution" duration-ms="0" started-at="2017-09-01T11:57:01Z" finished-at="2017-09-01T11:57:01Z">
          <reporter-output>
          </reporter-output>
        </test-method> <!-- EditPostscriptExecution -->
      </class> <!-- Com.CrossoverTech.BusinessScripts.CrossoverTechEditPostTestcases -->
      <class name="Com.CrossoverTech.BusinessScripts.CrossoverTechDeleteTestcases">
        <test-method status="SKIP" signature="DeletePostscriptExecution()[pri:0, instance:Com.CrossoverTech.BusinessScripts.CrossoverTechDeleteTestcases@30c7da1e]" name="DeletePostscriptExecution" duration-ms="0" started-at="2017-09-01T11:57:01Z" finished-at="2017-09-01T11:57:01Z">
          <reporter-output>
          </reporter-output>
        </test-method> <!-- DeletePostscriptExecution -->
      </class> <!-- Com.CrossoverTech.BusinessScripts.CrossoverTechDeleteTestcases -->
    </test> <!-- Test -->
  </suite> <!-- Suite -->
</testng-results>
