<?xml version="1.0" encoding="UTF-8"?>
<testsuite name="TestSuite" time="9.434" tests="4" errors="0" skipped="3" failures="1">
  <properties>
[...]
</properties>
  <testcase name="setup" classname="com.CrossoverTechTrial.Businessscripts.CrossoverTechEditPostTestcases" time="9.434">
    <failure type="java.lang.NullPointerException:">java.lang.NullPointerException: null
	at com.CrossoverTechTrial.PageObjects.CrossoverTechTrialLoginPage.EnterEmailid(CrossoverTechTrialLoginPage.java:20)
	at com.CrossoverTechTrial.Reusables.Configurations.Configurator.setup(Configurator.java:72)
	at sun.reflect.NativeMethodAccessorImpl.invoke0(Native Method)
	at sun.reflect.NativeMethodAccessorImpl.invoke(Unknown Source)
	at sun.reflect.DelegatingMethodAccessorImpl.invoke(Unknown Source)
	at java.lang.reflect.Method.invoke(Unknown Source)
	at org.testng.internal.MethodInvocationHelper.invokeMethod(MethodInvocationHelper.java:84)
	at org.testng.internal.Invoker.invokeConfigurationMethod(Invoker.java:564)
	at org.testng.internal.Invoker.invokeConfigurations(Invoker.java:213)
	at org.testng.internal.Invoker.invokeConfigurations(Invoker.java:138)
	at org.testng.TestRunner.beforeRun(TestRunner.java:641)
	at org.testng.TestRunner.run(TestRunner.java:609)
	at org.testng.SuiteRunner.runTest(SuiteRunner.java:348)
	at org.testng.SuiteRunner.runSequentially(SuiteRunner.java:343)
	at org.testng.SuiteRunner.privateRun(SuiteRunner.java:305)
	at org.testng.SuiteRunner.run(SuiteRunner.java:254)
	at org.testng.SuiteRunnerWorker.runSuite(SuiteRunnerWorker.java:52)
	at org.testng.SuiteRunnerWorker.run(SuiteRunnerWorker.java:86)
	at org.testng.TestNG.runSuitesSequentially(TestNG.java:1224)
	at org.testng.TestNG.runSuitesLocally(TestNG.java:1149)
	at org.testng.TestNG.run(TestNG.java:1057)
	at org.apache.maven.surefire.testng.TestNGExecutor.run(TestNGExecutor.java:295)
	at org.apache.maven.surefire.testng.TestNGXmlTestSuite.execute(TestNGXmlTestSuite.java:84)
	at org.apache.maven.surefire.testng.TestNGProvider.invoke(TestNGProvider.java:90)
	at org.apache.maven.surefire.booter.ForkedBooter.invokeProviderInSameClassLoader(ForkedBooter.java:203)
	at org.apache.maven.surefire.booter.ForkedBooter.runSuitesInProcess(ForkedBooter.java:155)
	at org.apache.maven.surefire.booter.ForkedBooter.main(ForkedBooter.java:103)
</failure>
    <system-err><![CDATA[Starting ChromeDriver 2.30.477700 (0057494ad8732195794a7b32078424f92a5fce41) on port 64243
Only local connections are allowed.
]]></system-err>
  </testcase>
  <testcase name="CreateNewPostscriptExecution" classname="com.CrossoverTechTrial.Businessscripts.CrossoverTechCreateNewPostTestcases" time="0">
    <skipped/>
  </testcase>
  <testcase name="EditPostscriptExecution" classname="com.CrossoverTechTrial.Businessscripts.CrossoverTechEditPostTestcases" time="0">
    <skipped/>
  </testcase>
  <testcase name="DeletePostscriptExecution" classname="com.CrossoverTechTrial.Businessscripts.CrossoverTechDeleteTestcases" time="0">
    <skipped/>
  </testcase>
</testsuite>