<?xml version="1.0" encoding="UTF-8"?>
<testng-results skipped="3" failed="0" total="3" passed="0">
  <reporter-output>
    <line>
      <![CDATA[Url Entered]]>
    </line>
  </reporter-output>
  <suite name="Suite" duration-ms="9182" started-at="2017-08-30T05:34:21Z" finished-at="2017-08-30T05:34:30Z">
    <groups>
    </groups>
    <test name="Test" duration-ms="9182" started-at="2017-08-30T05:34:21Z" finished-at="2017-08-30T05:34:30Z">
      <class name="com.CrossoverTechTrial.Businessscripts.CrossoverTechDeleteTestcases">
        <test-method status="SKIP" signature="DeletePostscriptExecution()[pri:0, instance:com.CrossoverTechTrial.Businessscripts.CrossoverTechDeleteTestcases@30c7da1e]" name="DeletePostscriptExecution" duration-ms="1" started-at="2017-08-30T11:04:30Z" finished-at="2017-08-30T11:04:30Z">
          <reporter-output>
          </reporter-output>
        </test-method> <!-- DeletePostscriptExecution -->
      </class> <!-- com.CrossoverTechTrial.Businessscripts.CrossoverTechDeleteTestcases -->
      <class name="com.CrossoverTechTrial.Businessscripts.CrossoverTechCreateNewPostTestcases">
        <test-method status="SKIP" signature="CreateNewPostscriptExecution()[pri:0, instance:com.CrossoverTechTrial.Businessscripts.CrossoverTechCreateNewPostTestcases@5b464ce8]" name="CreateNewPostscriptExecution" duration-ms="1" started-at="2017-08-30T11:04:30Z" finished-at="2017-08-30T11:04:30Z">
          <reporter-output>
          </reporter-output>
        </test-method> <!-- CreateNewPostscriptExecution -->
      </class> <!-- com.CrossoverTechTrial.Businessscripts.CrossoverTechCreateNewPostTestcases -->
      <class name="com.CrossoverTechTrial.Businessscripts.CrossoverTechEditPostTestcases">
        <test-method status="FAIL" signature="setup(java.lang.String)[pri:0, instance:com.CrossoverTechTrial.Businessscripts.CrossoverTechEditPostTestcases@48140564]" name="setup" is-config="true" duration-ms="0" started-at="2017-08-30T11:04:21Z" finished-at="2017-08-30T11:04:21Z">
          <params>
            <param index="0">
              <value>
                <![CDATA[chrome]]>
              </value>
            </param>
          </params>
          <exception class="java.lang.NullPointerException">
            <full-stacktrace>
              <![CDATA[java.lang.NullPointerException
	at com.CrossoverTechTrial.PageObjects.CrossoverTechTrialLoginPage.EnterEmailid(CrossoverTechTrialLoginPage.java:20)
	at com.CrossoverTechTrial.Reusables.Configurations.Configurator.setup(Configurator.java:72)
	at sun.reflect.NativeMethodAccessorImpl.invoke0(Native Method)
	at sun.reflect.NativeMethodAccessorImpl.invoke(Unknown Source)
	at sun.reflect.DelegatingMethodAccessorImpl.invoke(Unknown Source)
	at java.lang.reflect.Method.invoke(Unknown Source)
	at org.testng.internal.MethodInvocationHelper.invokeMethod(MethodInvocationHelper.java:84)
	at org.testng.internal.Invoker.invokeConfigurationMethod(Invoker.java:564)
	at org.testng.internal.Invoker.invokeConfigurations(Invoker.java:213)
	at org.testng.internal.Invoker.invokeConfigurations(Invoker.java:138)
	at org.testng.TestRunner.beforeRun(TestRunner.java:641)
	at org.testng.TestRunner.run(TestRunner.java:609)
	at org.testng.SuiteRunner.runTest(SuiteRunner.java:348)
	at org.testng.SuiteRunner.runSequentially(SuiteRunner.java:343)
	at org.testng.SuiteRunner.privateRun(SuiteRunner.java:305)
	at org.testng.SuiteRunner.run(SuiteRunner.java:254)
	at org.testng.SuiteRunnerWorker.runSuite(SuiteRunnerWorker.java:52)
	at org.testng.SuiteRunnerWorker.run(SuiteRunnerWorker.java:86)
	at org.testng.TestNG.runSuitesSequentially(TestNG.java:1224)
	at org.testng.TestNG.runSuitesLocally(TestNG.java:1149)
	at org.testng.TestNG.run(TestNG.java:1057)
	at org.apache.maven.surefire.testng.TestNGExecutor.run(TestNGExecutor.java:295)
	at org.apache.maven.surefire.testng.TestNGXmlTestSuite.execute(TestNGXmlTestSuite.java:84)
	at org.apache.maven.surefire.testng.TestNGProvider.invoke(TestNGProvider.java:90)
	at org.apache.maven.surefire.booter.ForkedBooter.invokeProviderInSameClassLoader(ForkedBooter.java:203)
	at org.apache.maven.surefire.booter.ForkedBooter.runSuitesInProcess(ForkedBooter.java:155)
	at org.apache.maven.surefire.booter.ForkedBooter.main(ForkedBooter.java:103)
]]>
            </full-stacktrace>
          </exception> <!-- java.lang.NullPointerException -->
          <reporter-output>
            <line>
              <![CDATA[Url Entered]]>
            </line>
          </reporter-output>
        </test-method> <!-- setup -->
        <test-method status="SKIP" signature="EditPostscriptExecution()[pri:0, instance:com.CrossoverTechTrial.Businessscripts.CrossoverTechEditPostTestcases@48140564]" name="EditPostscriptExecution" duration-ms="0" started-at="2017-08-30T11:04:30Z" finished-at="2017-08-30T11:04:30Z">
          <reporter-output>
          </reporter-output>
        </test-method> <!-- EditPostscriptExecution -->
      </class> <!-- com.CrossoverTechTrial.Businessscripts.CrossoverTechEditPostTestcases -->
    </test> <!-- Test -->
  </suite> <!-- Suite -->
</testng-results>
