<?xml version="1.0" encoding="UTF-8"?>
<!-- Generated by org.testng.reporters.JUnitXMLReporter -->
<testsuite hostname="DESKTOP-1QL8QRP" ignored="4" name="Test" tests="3" failures="0" timestamp="01 Sep 2017 13:40:30 GMT" time="75.035" errors="0">
  <testcase name="CreateNewPostscriptExecution" time="18.308" classname="Com.CrossoverTech.BusinessScripts.CrossoverTechCreateNewPostTestcases"/>
  <testcase name="EditPostscriptExecution" time="21.88" classname="Com.CrossoverTech.BusinessScripts.CrossoverTechEditPostTestcases"/>
  <testcase name="DeletePostscriptExecution" time="14.772" classname="Com.CrossoverTech.BusinessScripts.CrossoverTechDeleteTestcases"/>
  <testcase name="@BeforeTest setup" time="0.0" classname="Com.CrossoverTechTrial.Reusables.Configurations.Configurator">
    <ignored/>
  </testcase> <!-- @BeforeTest setup -->
  <testcase name="@BeforeTest setup" time="0.0" classname="Com.CrossoverTechTrial.Reusables.Configurations.Configurator">
    <ignored/>
  </testcase> <!-- @BeforeTest setup -->
  <testcase name="@AfterTest destroy" time="0.0" classname="Com.CrossoverTechTrial.Reusables.Configurations.Configurator">
    <ignored/>
  </testcase> <!-- @AfterTest destroy -->
  <testcase name="@AfterTest destroy" time="0.0" classname="Com.CrossoverTechTrial.Reusables.Configurations.Configurator">
    <ignored/>
  </testcase> <!-- @AfterTest destroy -->
</testsuite> <!-- Test -->
